Script started on Wed 08 Apr 2020 11:42:54 PM MDT
paetsch@ohaton:~/Documents/Cmput-455-Assignments>dir
New\ folder  README.md	assignment1  assignment1.tgz  assignment2  assignment2.tgz  assignment3  assignment3.tgz  assignment4  assignment4.tgz	go  go3  go3.tgz  presubmission.log
paetsch@ohaton:~/Documents/Cmput-455-Assignments>mkdir test
paetsch@ohaton:~/Documents/Cmput-455-Assignments>cp assignment4.tgz test/assignmnet[K[K[Kent4.tgz
paetsch@ohaton:~/Documents/Cmput-455-Assignments>cd test
paetsch@ohaton:~/Documents/Cmput-455-Assignments/test>tar zxvf assignment4.tgz 
assignment4/
assignment4/nogo4/
assignment4/nogo4/nogo4.py
assignment4/nogo4/ucb.py
assignment4/nogo4/board_util.py
assignment4/nogo4/__pycache__/
assignment4/nogo4/__pycache__/gtp_connection.cpython-35.pyc
assignment4/nogo4/__pycache__/ucb.cpython-35.pyc
assignment4/nogo4/__pycache__/board_util.cpython-35.pyc
assignment4/nogo4/__pycache__/simple_board.cpython-35.pyc
assignment4/nogo4/simple_board.py
assignment4/nogo4/weights
assignment4/nogo4/gtp_connection.py
assignment4/flat_mc_player/
assignment4/flat_mc_player/nogo_flat_mc.py
assignment4/flat_mc_player/simple_board.py
assignment4/flat_mc_player/gtp_connection.py
assignment4/flat_mc_player/board_util.py
assignment4/flat_mc_player/__pycache__/
assignment4/flat_mc_player/__pycache__/board_util.cpython-35.pyc
assignment4/flat_mc_player/__pycache__/simple_board.cpython-35.pyc
assignment4/flat_mc_player/__pycache__/gtp_connection.cpython-35.pyc
assignment4/random_player/
assignment4/random_player/board_util.py
assignment4/random_player/simple_board.py
assignment4/random_player/__pycache__/
assignment4/random_player/__pycache__/gtp_connection.cpython-35.pyc
assignment4/random_player/__pycache__/board_util.cpython-35.pyc
assignment4/random_player/__pycache__/simple_board.cpython-35.pyc
assignment4/random_player/gtp_connection.py
assignment4/random_player/nogo_random.py
assignment4/play.py
paetsch@ohaton:~/Documents/Cmput-455-Assignments/test>py.[Kthon3 play.py
python3: can't open file 'play.py': [Errno 2] No such file or directory
paetsch@ohaton:~/Documents/Cmput-455-Assignments/test>cd assignment4
paetsch@ohaton:~/Documents/Cmput-455-Assignments/test/assignment4>python3 play.py
D2
D5
F1
B2
E7
C3
E1
F2
B7
F5
D4
E2
A6
E3
A1
D1
C7
D6
D3
E6
B3
F7
C6
C1
G6
E5
B5
A4
C4
A5
A3
F4
G1
A2
G2
G4
F3
C2
C5
G5
B6
G7
A7
E4
D7
player1 0
player1 win 1 player2 win 0 timeout 0
paetsch@ohaton:~/Documents/Cmput-455-Assignments/test/assignment4>exit
exit

Script done on Wed 08 Apr 2020 11:49:19 PM MDT
